Arguments: 
  /home/vagrant/.nvm/versions/node/v8.9.4/bin/node /home/vagrant/.nvm/versions/node/v8.9.4/bin/yarn jest

PATH: 
  /home/vagrant/bin:/home/vagrant/.local/bin:/home/vagrant/.nvm/versions/node/v8.9.4/bin:/home/vagrant/.rvm/gems/ruby-2.3.5/bin:/home/vagrant/.rvm/gems/ruby-2.3.5@global/bin:/home/vagrant/.rvm/rubies/ruby-2.3.5/bin:/usr/local/sbin:/usr/local/bin:/usr/sbin:/usr/bin:/sbin:/bin:/usr/games:/usr/local/games:/home/vagrant/.rvm/bin:/home/vagrant/.rvm/bin

Yarn version: 
  1.5.1

Node version: 
  8.9.4

Platform: 
  linux x64

npm manifest: 
  {
    "name": "dev",
    "version": "1.0.0",
    "description": "",
    "main": "index.js",
    "scripts": {
      "test": "jest"
    },
    "author": "",
    "license": "ISC"
  }

yarn manifest: 
  No manifest

Lockfile: 
  No lockfile

Trace: 
  Error: Command "jest" not found. Did you mean "test"?
      at new MessageError (/home/vagrant/.nvm/versions/node/v8.9.4/lib/node_modules/yarn/lib/cli.js:186:110)
      at /home/vagrant/.nvm/versions/node/v8.9.4/lib/node_modules/yarn/lib/cli.js:87307:17
      at Generator.next (<anonymous>)
      at step (/home/vagrant/.nvm/versions/node/v8.9.4/lib/node_modules/yarn/lib/cli.js:98:30)
      at /home/vagrant/.nvm/versions/node/v8.9.4/lib/node_modules/yarn/lib/cli.js:116:14
      at new Promise (<anonymous>)
      at new F (/home/vagrant/.nvm/versions/node/v8.9.4/lib/node_modules/yarn/lib/cli.js:23451:28)
      at /home/vagrant/.nvm/versions/node/v8.9.4/lib/node_modules/yarn/lib/cli.js:95:12
      at runCommand (/home/vagrant/.nvm/versions/node/v8.9.4/lib/node_modules/yarn/lib/cli.js:87312:22)
      at Object.<anonymous> (/home/vagrant/.nvm/versions/node/v8.9.4/lib/node_modules/yarn/lib/cli.js:87412:14)
